INFO  08:47:00 Application started. Press Ctrl+C to shut down.
INFO  08:47:00 Application started. Press Ctrl+C to shut down.
INFO  08:47:00 Hosting environment: Development
INFO  08:47:00 Hosting environment: Development
INFO  08:47:00 Content root path: E:\BankRetailSystem\Updated\CustomerMicroservice
INFO  08:47:00 Content root path: E:\BankRetailSystem\Updated\CustomerMicroservice
INFO  08:47:07 Get Customer Details is called with id:2
INFO  08:48:11 Creation of customer is initiated
INFO  03:55:49 Application started. Press Ctrl+C to shut down.
INFO  03:55:49 Application started. Press Ctrl+C to shut down.
INFO  03:55:49 Hosting environment: Development
INFO  03:55:49 Hosting environment: Development
INFO  03:55:49 Content root path: E:\BankRetailSystem\Updated\CustomerMicroservice
INFO  03:55:49 Content root path: E:\BankRetailSystem\Updated\CustomerMicroservice
INFO  03:56:25 Creation of customer is initiated
INFO  03:56:26 New Customer account is created
INFO  03:57:20 Get Customer Details is called with id:10
INFO  05:09:19 Application started. Press Ctrl+C to shut down.
INFO  05:09:19 Application started. Press Ctrl+C to shut down.
INFO  05:09:19 Hosting environment: Development
INFO  05:09:19 Hosting environment: Development
INFO  05:09:19 Content root path: E:\BankRetailSystem\Updated\CustomerMicroservice
INFO  05:09:19 Content root path: E:\BankRetailSystem\Updated\CustomerMicroservice
INFO  05:10:56 Creation of customer is initiated
INFO  05:10:56 New Customer account is created
INFO  06:08:54 Application started. Press Ctrl+C to shut down.
INFO  06:08:54 Application started. Press Ctrl+C to shut down.
INFO  06:08:54 Hosting environment: Development
INFO  06:08:54 Hosting environment: Development
INFO  06:08:54 Content root path: E:\BankRetailSystem\Updated\CustomerMicroservice
INFO  06:08:54 Content root path: E:\BankRetailSystem\Updated\CustomerMicroservice
INFO  06:12:01 Application started. Press Ctrl+C to shut down.
INFO  06:12:01 Application started. Press Ctrl+C to shut down.
INFO  06:12:01 Hosting environment: Development
INFO  06:12:01 Hosting environment: Development
INFO  06:12:01 Content root path: E:\BankRetailSystem\Updated\CustomerMicroservice
INFO  06:12:01 Content root path: E:\BankRetailSystem\Updated\CustomerMicroservice
INFO  06:13:35 Creation of customer is initiated
INFO  06:16:04 New Customer account is created
INFO  06:18:40 Creation of customer is initiated
INFO  06:18:41 New Customer account is created
INFO  06:20:40 Application started. Press Ctrl+C to shut down.
INFO  06:20:40 Application started. Press Ctrl+C to shut down.
INFO  06:20:40 Hosting environment: Development
INFO  06:20:40 Hosting environment: Development
INFO  06:20:40 Content root path: E:\BankRetailSystem\Updated\CustomerMicroservice
INFO  06:20:40 Content root path: E:\BankRetailSystem\Updated\CustomerMicroservice
INFO  06:24:35 Creation of customer is initiated
INFO  06:24:36 New Customer account is created
INFO  06:27:29 Creation of customer is initiated
INFO  06:27:30 New Customer account is created
INFO  11:03:15 Application started. Press Ctrl+C to shut down.
INFO  11:03:16 Application started. Press Ctrl+C to shut down.
INFO  11:03:16 Hosting environment: Development
INFO  11:03:16 Hosting environment: Development
INFO  11:03:16 Content root path: E:\BankRetailSystem\Updated\CustomerMicroservice
INFO  11:03:16 Content root path: E:\BankRetailSystem\Updated\CustomerMicroservice
INFO  11:11:39 Application started. Press Ctrl+C to shut down.
INFO  11:11:39 Application started. Press Ctrl+C to shut down.
INFO  11:11:39 Hosting environment: Development
INFO  11:11:39 Hosting environment: Development
INFO  11:11:39 Content root path: E:\BankRetailSystem\Updated\CustomerMicroservice
INFO  11:11:39 Content root path: E:\BankRetailSystem\Updated\CustomerMicroservice
INFO  11:13:27 Creation of customer is initiated
INFO  11:13:28 New Customer account is created
INFO  11:16:58 Creation of customer is initiated
INFO  11:16:58 New Customer account is created
INFO  11:28:21 Application started. Press Ctrl+C to shut down.
INFO  11:28:21 Application started. Press Ctrl+C to shut down.
INFO  11:28:21 Hosting environment: Development
INFO  11:28:21 Hosting environment: Development
INFO  11:28:21 Content root path: E:\BankRetailSystem\Updated\CustomerMicroservice
INFO  11:28:21 Content root path: E:\BankRetailSystem\Updated\CustomerMicroservice
INFO  11:51:27 Creation of customer is initiated
INFO  11:51:28 New Customer account is created
INFO  12:06:21 Creation of customer is initiated
INFO  12:06:21 New Customer account is created
INFO  07:59:48 Application started. Press Ctrl+C to shut down.
INFO  07:59:48 Application started. Press Ctrl+C to shut down.
INFO  07:59:48 Hosting environment: Development
INFO  07:59:48 Hosting environment: Development
INFO  07:59:48 Content root path: E:\BankRetailSystem\Updated\CustomerMicroservice
INFO  07:59:48 Content root path: E:\BankRetailSystem\Updated\CustomerMicroservice
INFO  08:03:16 Creation of customer is initiated
INFO  08:03:17 New Customer account is created
INFO  08:15:33 Creation of customer is initiated
INFO  08:15:34 New Customer account is created
INFO  09:22:06 Application started. Press Ctrl+C to shut down.
INFO  09:22:06 Application started. Press Ctrl+C to shut down.
INFO  09:22:06 Hosting environment: Development
INFO  09:22:06 Hosting environment: Development
INFO  09:22:06 Content root path: E:\BankRetailSystem\Updated\CustomerMicroservice
INFO  09:22:06 Content root path: E:\BankRetailSystem\Updated\CustomerMicroservice
INFO  09:27:02 Creation of customer is initiated
INFO  09:27:02 New Customer account is created
