INFO  11:14:11 Application started. Press Ctrl+C to shut down.
INFO  11:14:11 Application started. Press Ctrl+C to shut down.
INFO  11:14:11 Hosting environment: Development
INFO  11:14:11 Hosting environment: Development
INFO  11:14:11 Content root path: E:\BankRetailSystem\Updated\AuthenticateMicroservice
INFO  11:14:11 Content root path: E:\BankRetailSystem\Updated\AuthenticateMicroservice
INFO  11:14:33 Authentication initiated
INFO  11:28:15 Application started. Press Ctrl+C to shut down.
INFO  11:28:15 Application started. Press Ctrl+C to shut down.
INFO  11:28:15 Hosting environment: Development
INFO  11:28:15 Hosting environment: Development
INFO  11:28:15 Content root path: E:\BankRetailSystem\Updated\AuthenticateMicroservice
INFO  11:28:15 Content root path: E:\BankRetailSystem\Updated\AuthenticateMicroservice
INFO  11:28:55 Authentication initiated
INFO  12:01:29 Application started. Press Ctrl+C to shut down.
INFO  12:01:29 Application started. Press Ctrl+C to shut down.
INFO  12:01:29 Hosting environment: Development
INFO  12:01:29 Hosting environment: Development
INFO  12:01:29 Content root path: E:\BankRetailSystem\Updated\AuthenticateMicroservice
INFO  12:01:29 Content root path: E:\BankRetailSystem\Updated\AuthenticateMicroservice
INFO  12:02:52 Authentication initiated
INFO  12:04:18 Authentication initiated
INFO  08:51:07 Application started. Press Ctrl+C to shut down.
INFO  08:51:07 Application started. Press Ctrl+C to shut down.
INFO  08:51:07 Hosting environment: Development
INFO  08:51:07 Hosting environment: Development
INFO  08:51:07 Content root path: E:\BankRetailSystem\Updated\AuthenticateMicroservice
INFO  08:51:07 Content root path: E:\BankRetailSystem\Updated\AuthenticateMicroservice
INFO  08:53:35 Application started. Press Ctrl+C to shut down.
INFO  08:53:35 Application started. Press Ctrl+C to shut down.
INFO  08:53:35 Hosting environment: Development
INFO  08:53:35 Hosting environment: Development
INFO  08:53:35 Content root path: E:\BankRetailSystem\Updated\AuthenticateMicroservice
INFO  08:53:35 Content root path: E:\BankRetailSystem\Updated\AuthenticateMicroservice
INFO  08:54:24 Authentication initiated
INFO  08:59:10 Application started. Press Ctrl+C to shut down.
INFO  08:59:10 Application started. Press Ctrl+C to shut down.
INFO  08:59:10 Hosting environment: Development
INFO  08:59:10 Hosting environment: Development
INFO  08:59:10 Content root path: E:\BankRetailSystem\Updated\AuthenticateMicroservice
INFO  08:59:10 Content root path: E:\BankRetailSystem\Updated\AuthenticateMicroservice
INFO  08:59:39 Authentication initiated
INFO  09:55:24 Application started. Press Ctrl+C to shut down.
INFO  09:55:24 Application started. Press Ctrl+C to shut down.
INFO  09:55:24 Hosting environment: Development
INFO  09:55:24 Hosting environment: Development
INFO  09:55:24 Content root path: E:\BankRetailSystem\Updated\AuthenticateMicroservice
INFO  09:55:24 Content root path: E:\BankRetailSystem\Updated\AuthenticateMicroservice
INFO  09:55:57 Authentication initiated
INFO  09:57:40 Authentication initiated
INFO  09:59:12 Authentication initiated
INFO  11:20:20 Application started. Press Ctrl+C to shut down.
INFO  11:20:20 Application started. Press Ctrl+C to shut down.
INFO  11:20:20 Hosting environment: Development
INFO  11:20:20 Hosting environment: Development
INFO  11:20:20 Content root path: E:\BankRetailSystem\Updated\AuthenticateMicroservice
INFO  11:20:20 Content root path: E:\BankRetailSystem\Updated\AuthenticateMicroservice
INFO  11:21:57 Authentication initiated
INFO  11:25:50 Authentication initiated
INFO  12:42:51 Application started. Press Ctrl+C to shut down.
INFO  12:42:51 Application started. Press Ctrl+C to shut down.
INFO  12:42:51 Hosting environment: Development
INFO  12:42:51 Hosting environment: Development
INFO  12:42:51 Content root path: E:\BankRetailSystem\Updated\AuthenticateMicroservice
INFO  12:42:51 Content root path: E:\BankRetailSystem\Updated\AuthenticateMicroservice
INFO  12:43:38 Authentication initiated
INFO  12:44:27 Authentication initiated
INFO  12:44:47 Authentication initiated
INFO  01:09:46 Application started. Press Ctrl+C to shut down.
INFO  01:09:46 Application started. Press Ctrl+C to shut down.
INFO  01:09:46 Hosting environment: Development
INFO  01:09:46 Hosting environment: Development
INFO  01:09:46 Content root path: E:\BankRetailSystem\Updated\AuthenticateMicroservice
INFO  01:09:46 Content root path: E:\BankRetailSystem\Updated\AuthenticateMicroservice
INFO  01:10:30 Authentication initiated
INFO  02:42:59 Application started. Press Ctrl+C to shut down.
INFO  02:42:59 Application started. Press Ctrl+C to shut down.
INFO  02:42:59 Hosting environment: Development
INFO  02:42:59 Hosting environment: Development
INFO  02:42:59 Content root path: E:\BankRetailSystem\Updated\AuthenticateMicroservice
INFO  02:42:59 Content root path: E:\BankRetailSystem\Updated\AuthenticateMicroservice
INFO  02:44:00 Authentication initiated
INFO  02:46:18 Authentication initiated
INFO  04:53:35 Application started. Press Ctrl+C to shut down.
INFO  04:53:35 Application started. Press Ctrl+C to shut down.
INFO  04:53:35 Hosting environment: Development
INFO  04:53:35 Hosting environment: Development
INFO  04:53:35 Content root path: E:\BankRetailSystem\Updated\AuthenticateMicroservice
INFO  04:53:35 Content root path: E:\BankRetailSystem\Updated\AuthenticateMicroservice
INFO  04:54:04 Authentication initiated
INFO  04:55:40 Authentication initiated
INFO  04:58:11 Authentication initiated
INFO  04:59:39 Authentication initiated
INFO  05:01:28 Authentication initiated
INFO  05:03:20 Application started. Press Ctrl+C to shut down.
INFO  05:03:20 Application started. Press Ctrl+C to shut down.
INFO  05:03:20 Hosting environment: Development
INFO  05:03:20 Hosting environment: Development
INFO  05:03:20 Content root path: E:\BankRetailSystem\Updated\AuthenticateMicroservice
INFO  05:03:20 Content root path: E:\BankRetailSystem\Updated\AuthenticateMicroservice
INFO  05:03:52 Authentication initiated
INFO  05:08:44 Authentication initiated
INFO  05:10:51 Authentication initiated
INFO  05:12:15 Authentication initiated
INFO  05:16:02 Authentication initiated
INFO  05:18:33 Authentication initiated
INFO  05:19:42 Authentication initiated
INFO  05:51:08 Application started. Press Ctrl+C to shut down.
INFO  05:51:08 Application started. Press Ctrl+C to shut down.
INFO  05:51:08 Hosting environment: Development
INFO  05:51:08 Hosting environment: Development
INFO  05:51:08 Content root path: E:\BankRetailSystem\Updated\AuthenticateMicroservice
INFO  05:51:08 Content root path: E:\BankRetailSystem\Updated\AuthenticateMicroservice
INFO  05:52:41 Authentication initiated
INFO  05:54:43 Authentication initiated
INFO  05:59:02 Authentication initiated
INFO  03:14:33 Application started. Press Ctrl+C to shut down.
INFO  03:14:33 Application started. Press Ctrl+C to shut down.
INFO  03:14:33 Hosting environment: Development
INFO  03:14:33 Hosting environment: Development
INFO  03:14:33 Content root path: E:\BankRetailSystem\Updated\AuthenticateMicroservice
INFO  03:14:33 Content root path: E:\BankRetailSystem\Updated\AuthenticateMicroservice
INFO  03:15:30 Authentication initiated
INFO  03:15:56 Authentication initiated
INFO  03:19:42 Authentication initiated
INFO  03:20:52 Authentication initiated
INFO  03:21:35 Authentication initiated
INFO  03:25:32 Authentication initiated
INFO  03:36:29 Application started. Press Ctrl+C to shut down.
INFO  03:36:29 Application started. Press Ctrl+C to shut down.
INFO  03:36:29 Hosting environment: Development
INFO  03:36:29 Hosting environment: Development
INFO  03:36:29 Content root path: E:\BankRetailSystem\Updated\AuthenticateMicroservice
INFO  03:36:29 Content root path: E:\BankRetailSystem\Updated\AuthenticateMicroservice
INFO  03:37:45 Authentication initiated
INFO  03:39:35 Authentication initiated
INFO  03:53:26 Application started. Press Ctrl+C to shut down.
INFO  03:53:26 Application started. Press Ctrl+C to shut down.
INFO  03:53:26 Hosting environment: Development
INFO  03:53:26 Hosting environment: Development
INFO  03:53:26 Content root path: E:\BankRetailSystem\Updated\AuthenticateMicroservice
INFO  03:53:26 Content root path: E:\BankRetailSystem\Updated\AuthenticateMicroservice
INFO  03:53:45 Authentication initiated
INFO  03:58:37 Application started. Press Ctrl+C to shut down.
INFO  03:58:37 Application started. Press Ctrl+C to shut down.
INFO  03:58:37 Hosting environment: Development
INFO  03:58:37 Hosting environment: Development
INFO  03:58:37 Content root path: E:\BankRetailSystem\Updated\AuthenticateMicroservice
INFO  03:58:37 Content root path: E:\BankRetailSystem\Updated\AuthenticateMicroservice
INFO  04:01:56 Application started. Press Ctrl+C to shut down.
INFO  04:01:56 Application started. Press Ctrl+C to shut down.
INFO  04:01:56 Hosting environment: Development
INFO  04:01:56 Hosting environment: Development
INFO  04:01:56 Content root path: E:\BankRetailSystem\Updated\AuthenticateMicroservice
INFO  04:01:56 Content root path: E:\BankRetailSystem\Updated\AuthenticateMicroservice
INFO  04:02:42 Application started. Press Ctrl+C to shut down.
INFO  04:02:42 Application started. Press Ctrl+C to shut down.
INFO  04:02:42 Hosting environment: Development
INFO  04:02:42 Hosting environment: Development
INFO  04:02:42 Content root path: E:\BankRetailSystem\Updated\AuthenticateMicroservice
INFO  04:02:42 Content root path: E:\BankRetailSystem\Updated\AuthenticateMicroservice
INFO  04:03:11 Authentication initiated
INFO  04:03:22 Authentication initiated
INFO  04:32:50 Application started. Press Ctrl+C to shut down.
INFO  04:32:50 Application started. Press Ctrl+C to shut down.
INFO  04:32:50 Hosting environment: Development
INFO  04:32:50 Hosting environment: Development
INFO  04:32:50 Content root path: E:\BankRetailSystem\Updated\AuthenticateMicroservice
INFO  04:32:50 Content root path: E:\BankRetailSystem\Updated\AuthenticateMicroservice
INFO  04:35:21 Authentication initiated
INFO  04:41:17 Authentication initiated
INFO  04:48:17 Authentication initiated
INFO  05:34:23 Application started. Press Ctrl+C to shut down.
INFO  05:34:23 Application started. Press Ctrl+C to shut down.
INFO  05:34:23 Hosting environment: Development
INFO  05:34:23 Hosting environment: Development
INFO  05:34:23 Content root path: E:\BankRetailSystem\Updated\AuthenticateMicroservice
INFO  05:34:23 Content root path: E:\BankRetailSystem\Updated\AuthenticateMicroservice
INFO  06:20:33 Authentication initiated
INFO  06:24:09 Authentication initiated
INFO  08:42:27 Application started. Press Ctrl+C to shut down.
INFO  08:42:27 Application started. Press Ctrl+C to shut down.
INFO  08:42:27 Hosting environment: Development
INFO  08:42:27 Hosting environment: Development
INFO  08:42:27 Content root path: E:\BankRetailSystem\Updated\AuthenticateMicroservice
INFO  08:42:27 Content root path: E:\BankRetailSystem\Updated\AuthenticateMicroservice
INFO  08:42:51 Authentication initiated
INFO  08:42:51 Token Generated
INFO  08:43:45 Application started. Press Ctrl+C to shut down.
INFO  08:43:45 Application started. Press Ctrl+C to shut down.
INFO  08:43:45 Hosting environment: Development
INFO  08:43:45 Hosting environment: Development
INFO  08:43:45 Content root path: E:\BankRetailSystem\Updated\AuthenticateMicroservice
INFO  08:43:45 Content root path: E:\BankRetailSystem\Updated\AuthenticateMicroservice
INFO  08:44:07 Authentication initiated
INFO  08:44:07 Token Generated
INFO  08:46:36 Application started. Press Ctrl+C to shut down.
INFO  08:46:36 Application started. Press Ctrl+C to shut down.
INFO  08:46:36 Hosting environment: Development
INFO  08:46:36 Hosting environment: Development
INFO  08:46:36 Content root path: E:\BankRetailSystem\Updated\AuthenticateMicroservice
INFO  08:46:36 Content root path: E:\BankRetailSystem\Updated\AuthenticateMicroservice
INFO  08:46:58 Authentication initiated
INFO  08:46:58 Token Generated
INFO  08:56:40 Application started. Press Ctrl+C to shut down.
INFO  08:56:40 Application started. Press Ctrl+C to shut down.
INFO  08:56:40 Hosting environment: Development
INFO  08:56:40 Hosting environment: Development
INFO  08:56:40 Content root path: E:\Updated\AuthenticateMicroservice-Git\AuthenticateMicroservice
INFO  08:56:40 Content root path: E:\Updated\AuthenticateMicroservice-Git\AuthenticateMicroservice
INFO  08:57:02 Authentication initiated
INFO  08:57:02 Token Generated
INFO  04:27:02 Application started. Press Ctrl+C to shut down.
INFO  04:27:02 Application started. Press Ctrl+C to shut down.
INFO  04:27:02 Hosting environment: Development
INFO  04:27:02 Hosting environment: Development
INFO  04:27:02 Content root path: E:\BankRetailSystem\Updated\AuthenticateMicroservice
INFO  04:27:02 Content root path: E:\BankRetailSystem\Updated\AuthenticateMicroservice
INFO  04:27:43 Authentication initiated
INFO  04:27:43 Token Generated
INFO  04:50:33 Application started. Press Ctrl+C to shut down.
INFO  04:50:33 Application started. Press Ctrl+C to shut down.
INFO  04:50:33 Hosting environment: Development
INFO  04:50:33 Hosting environment: Development
INFO  04:50:33 Content root path: E:\BankRetailSystem\Updated\AuthenticateMicroservice
INFO  04:50:33 Content root path: E:\BankRetailSystem\Updated\AuthenticateMicroservice
INFO  05:09:09 Application started. Press Ctrl+C to shut down.
INFO  05:09:09 Application started. Press Ctrl+C to shut down.
INFO  05:09:09 Hosting environment: Development
INFO  05:09:09 Hosting environment: Development
INFO  05:09:09 Content root path: E:\BankRetailSystem\Updated\AuthenticateMicroservice
INFO  05:09:09 Content root path: E:\BankRetailSystem\Updated\AuthenticateMicroservice
INFO  05:10:09 Authentication initiated
INFO  05:10:09 Token Generated
INFO  05:11:07 Authentication initiated
INFO  05:11:19 Authentication initiated
INFO  05:11:19 Token Generated
INFO  11:02:18 Application started. Press Ctrl+C to shut down.
INFO  11:02:18 Application started. Press Ctrl+C to shut down.
INFO  11:02:18 Hosting environment: Development
INFO  11:02:18 Hosting environment: Development
INFO  11:02:18 Content root path: E:\BankRetailSystem\Updated\AuthenticateMicroservice
INFO  11:02:18 Content root path: E:\BankRetailSystem\Updated\AuthenticateMicroservice
INFO  11:11:27 Application started. Press Ctrl+C to shut down.
INFO  11:11:27 Application started. Press Ctrl+C to shut down.
INFO  11:11:27 Hosting environment: Development
INFO  11:11:27 Hosting environment: Development
INFO  11:11:27 Content root path: E:\BankRetailSystem\Updated\AuthenticateMicroservice
INFO  11:11:27 Content root path: E:\BankRetailSystem\Updated\AuthenticateMicroservice
INFO  11:12:48 Authentication initiated
INFO  11:12:49 Token Generated
INFO  11:13:47 Authentication initiated
INFO  11:13:47 Token Generated
INFO  11:16:42 Authentication initiated
INFO  11:16:42 Token Generated
INFO  11:17:44 Authentication initiated
INFO  11:17:44 Token Generated
INFO  11:28:30 Application started. Press Ctrl+C to shut down.
INFO  11:28:30 Application started. Press Ctrl+C to shut down.
INFO  11:28:30 Hosting environment: Development
INFO  11:28:30 Hosting environment: Development
INFO  11:28:30 Content root path: E:\BankRetailSystem\Updated\AuthenticateMicroservice
INFO  11:28:30 Content root path: E:\BankRetailSystem\Updated\AuthenticateMicroservice
INFO  11:45:05 Authentication initiated
INFO  11:45:06 Token Generated
INFO  11:49:57 Authentication initiated
INFO  11:49:57 Token Generated
INFO  11:54:46 Authentication initiated
INFO  11:54:46 Token Generated
INFO  12:03:08 Authentication initiated
INFO  12:03:08 Token Generated
INFO  08:01:06 Application started. Press Ctrl+C to shut down.
INFO  08:01:06 Application started. Press Ctrl+C to shut down.
INFO  08:01:06 Hosting environment: Development
INFO  08:01:06 Hosting environment: Development
INFO  08:01:06 Content root path: E:\BankRetailSystem\Updated\AuthenticateMicroservice
INFO  08:01:06 Content root path: E:\BankRetailSystem\Updated\AuthenticateMicroservice
INFO  08:02:08 Authentication initiated
INFO  08:02:09 Token Generated
INFO  08:05:15 Authentication initiated
INFO  08:05:15 Token Generated
INFO  08:13:33 Authentication initiated
INFO  08:13:33 Token Generated
INFO  09:22:26 Application started. Press Ctrl+C to shut down.
INFO  09:22:26 Application started. Press Ctrl+C to shut down.
INFO  09:22:26 Hosting environment: Development
INFO  09:22:26 Hosting environment: Development
INFO  09:22:26 Content root path: E:\BankRetailSystem\Updated\AuthenticateMicroservice
INFO  09:22:26 Content root path: E:\BankRetailSystem\Updated\AuthenticateMicroservice
INFO  09:26:27 Authentication initiated
INFO  09:26:27 Token Generated
INFO  09:27:43 Authentication initiated
INFO  09:27:43 Token Generated
