INFO  10:52:32 Application started. Press Ctrl+C to shut down.
INFO  10:52:32 Application started. Press Ctrl+C to shut down.
INFO  10:52:32 Hosting environment: Development
INFO  10:52:32 Hosting environment: Development
INFO  10:52:33 Content root path: E:\BankRetailSystem\Updated\AccountMicroservice
INFO  10:52:33 Content root path: E:\BankRetailSystem\Updated\AccountMicroservice
INFO  10:52:55  Amount Deposited 
INFO  10:53:44 Application started. Press Ctrl+C to shut down.
INFO  10:53:44 Application started. Press Ctrl+C to shut down.
INFO  10:53:44 Hosting environment: Development
INFO  10:53:44 Hosting environment: Development
INFO  10:53:44 Content root path: E:\BankRetailSystem\Updated\AccountMicroservice
INFO  10:53:44 Content root path: E:\BankRetailSystem\Updated\AccountMicroservice
INFO  10:55:12 Application started. Press Ctrl+C to shut down.
INFO  10:55:12 Application started. Press Ctrl+C to shut down.
INFO  10:55:12 Hosting environment: Development
INFO  10:55:12 Hosting environment: Development
INFO  10:55:12 Content root path: E:\BankRetailSystem\Updated\AccountMicroservice
INFO  10:55:12 Content root path: E:\BankRetailSystem\Updated\AccountMicroservice
INFO  10:55:31  Amount Deposited 
INFO  10:56:03 Amount Withdrawn
INFO  10:56:04  Getting Account Info
INFO  11:11:50 Application started. Press Ctrl+C to shut down.
INFO  11:11:50 Application started. Press Ctrl+C to shut down.
INFO  11:11:50 Hosting environment: Development
INFO  11:11:50 Hosting environment: Development
INFO  11:11:50 Content root path: E:\BankRetailSystem\Updated\AccountMicroservice
INFO  11:11:50 Content root path: E:\BankRetailSystem\Updated\AccountMicroservice
INFO  11:13:27 Account Created
INFO  11:13:47  Got Customer Account
INFO  11:14:24  Amount Deposited 
INFO  11:14:28  Got Customer Account
INFO  11:14:46 Amount Withdrawn
INFO  11:14:47  Getting Account Info
INFO  11:14:51  Got Customer Account
INFO  11:15:18 Amount Transferred
INFO  11:15:18  Getting Account Info
INFO  11:15:21  Got Customer Account
INFO  11:15:33 Account Statement Shown
INFO  11:15:43  Got Customer Account
INFO  11:16:58 Account Created
INFO  11:17:14  Got Customer Account
INFO  11:17:44  Got Customer Account
INFO  11:17:56  Amount Deposited 
INFO  11:18:01  Got Customer Account
INFO  11:18:08 Amount Withdrawn
INFO  11:18:09  Getting Account Info
INFO  11:18:11  Got Customer Account
INFO  11:18:20 Amount Transferred
INFO  11:18:20  Getting Account Info
INFO  11:18:22  Got Customer Account
INFO  11:18:36 Account Statement Shown
INFO  11:18:39  Got Customer Account
INFO  11:28:13 Application started. Press Ctrl+C to shut down.
INFO  11:28:13 Application started. Press Ctrl+C to shut down.
INFO  11:28:13 Hosting environment: Development
INFO  11:28:13 Hosting environment: Development
INFO  11:28:13 Content root path: E:\BankRetailSystem\Updated\AccountMicroservice
INFO  11:28:13 Content root path: E:\BankRetailSystem\Updated\AccountMicroservice
INFO  11:51:28 Account Created
INFO  11:53:11  Got Customer Account
INFO  11:55:19  Got Customer Account
INFO  11:56:04  Amount Deposited 
INFO  11:56:51  Got Customer Account
INFO  11:57:36 Amount Withdrawn
INFO  11:57:37  Getting Account Info
INFO  11:58:24  Got Customer Account
INFO  11:59:05 Amount Transferred
INFO  11:59:05  Getting Account Info
INFO  11:59:23  Got Customer Account
INFO  12:00:09 Account Statement Shown
INFO  12:00:30  Got Customer Account
INFO  12:06:21 Account Created
INFO  12:10:59  Got Customer Account
INFO  12:11:28  Getting Account Info
INFO  12:11:48  Amount Deposited 
INFO  12:12:48 Amount Withdrawn
INFO  12:12:48  Getting Account Info
INFO  12:17:09 Application started. Press Ctrl+C to shut down.
INFO  12:17:09 Application started. Press Ctrl+C to shut down.
INFO  12:17:09 Hosting environment: Development
INFO  12:17:09 Hosting environment: Development
INFO  12:17:09 Content root path: E:\BankRetailSystem\Updated\AccountMicroservice
INFO  12:17:09 Content root path: E:\BankRetailSystem\Updated\AccountMicroservice
INFO  12:17:28  Got Customer Account
INFO  12:17:44 Amount Withdrawn
INFO  12:18:15  Getting Account Info
INFO  07:59:32 Application started. Press Ctrl+C to shut down.
INFO  07:59:32 Application started. Press Ctrl+C to shut down.
INFO  07:59:32 Hosting environment: Development
INFO  07:59:32 Hosting environment: Development
INFO  07:59:32 Content root path: E:\BankRetailSystem\Updated\AccountMicroservice
INFO  07:59:32 Content root path: E:\BankRetailSystem\Updated\AccountMicroservice
INFO  08:03:17 Account Created
INFO  08:04:23  Got Customer Account
INFO  08:05:15  Got Customer Account
INFO  08:05:46  Amount Deposited 
INFO  08:05:54  Got Customer Account
INFO  08:06:18 Amount Withdrawn
INFO  08:06:19  Getting Account Info
INFO  08:06:39  Got Customer Account
INFO  08:06:51 Amount Transferred
INFO  08:06:51  Getting Account Info
INFO  08:07:03  Got Customer Account
INFO  08:07:28 Account Statement Shown
INFO  08:07:44  Got Customer Account
INFO  08:15:33 Account Created
INFO  08:19:32  Amount Deposited 
INFO  08:19:47 Amount Withdrawn
INFO  08:19:47  Getting Account Info
INFO  09:21:45 Application started. Press Ctrl+C to shut down.
INFO  09:21:45 Application started. Press Ctrl+C to shut down.
INFO  09:21:45 Hosting environment: Development
INFO  09:21:45 Hosting environment: Development
INFO  09:21:45 Content root path: E:\BankRetailSystem\Updated\AccountMicroservice
INFO  09:21:45 Content root path: E:\BankRetailSystem\Updated\AccountMicroservice
INFO  09:27:02 Account Created
INFO  09:27:23  Got Customer Account
INFO  09:27:43  Got Customer Account
INFO  09:28:05  Amount Deposited 
INFO  09:28:11  Got Customer Account
INFO  09:28:24 Amount Withdrawn
INFO  09:28:25  Getting Account Info
INFO  09:28:37  Got Customer Account
INFO  09:28:46 Amount Transferred
INFO  09:28:46  Getting Account Info
INFO  09:28:51  Got Customer Account
INFO  09:29:07 Account Statement Shown
INFO  09:29:13  Got Customer Account
